
Profiling started at Sun May 19 07:26:10 2024
Profiling stopped at Sun May 19 07:26:23 2024

-- OProfile/operf Statistics --
Nr. non-backtrace samples: 424904
Nr. kernel samples: 6
Nr. user space samples: 424898
Nr. samples lost due to sample address not in expected range for domain: 0
Nr. lost kernel samples: 0
Nr. samples lost due to sample file open failure: 0
Nr. samples lost due to no permanent mapping: 0
Nr. user context kernel samples lost due to no app info available: 0
Nr. user samples lost due to no app info available: 0
Nr. backtraces skipped due to no file mapping: 0
Nr. hypervisor samples dropped due to address out-of-range: 0
Nr. samples lost reported by perf_events kernel: 0

Profiling started at Sun May 19 08:24:05 2024
Profiling stopped at Sun May 19 08:24:18 2024

-- OProfile/operf Statistics --
Nr. non-backtrace samples: 428805
Nr. kernel samples: 6
Nr. user space samples: 428799
Nr. samples lost due to sample address not in expected range for domain: 0
Nr. lost kernel samples: 0
Nr. samples lost due to sample file open failure: 0
Nr. samples lost due to no permanent mapping: 0
Nr. user context kernel samples lost due to no app info available: 0
Nr. user samples lost due to no app info available: 0
Nr. backtraces skipped due to no file mapping: 0
Nr. hypervisor samples dropped due to address out-of-range: 0
Nr. samples lost reported by perf_events kernel: 0
